#
# There is insufficient memory for the Java Runtime Environment to continue.
# Native memory allocation (mmap) failed to map 268435456 bytes for G1 virtual space
# Possible reasons:
#   The system is out of physical RAM or swap space
#   The process is running with CompressedOops enabled, and the Java Heap may be blocking the growth of the native heap
# Possible solutions:
#   Reduce memory load on the system
#   Increase physical memory or swap space
#   Check if swap backing store is full
#   Decrease Java heap size (-Xmx/-Xms)
#   Decrease number of Java threads
#   Decrease Java thread stack sizes (-Xss)
#   Set larger code cache with -XX:ReservedCodeCacheSize=
#   JVM is running with Zero Based Compressed Oops mode in which the Java heap is
#     placed in the first 32GB address space. The Java Heap base address is the
#     maximum limit for the native heap growth. Please use -XX:HeapBaseMinAddress
#     to set the Java Heap base and to place the Java Heap above 32GB virtual address.
# This output file may be truncated or incomplete.
#
#  Out of Memory Error (os_windows.cpp:3753), pid=27912, tid=3428
#
# JRE version:  (17.0.4+7) (build )
# Java VM: OpenJDK 64-Bit Server VM (17.0.4+7-b469.53, mixed mode, sharing, tiered, compressed oops, compressed class ptrs, g1 gc, windows-amd64)
# No core dump will be written. Minidumps are not enabled by default on client versions of Windows
#

---------------  S U M M A R Y ------------

Command Line: git4idea.http.GitAskPassApp Username for 'https://github.com': 

Host: Intel(R) Xeon(R) CPU E5-2670 v2 @ 2.50GHz, 20 cores, 15G,  Windows 10 , 64 bit Build 18362 (10.0.18362.329)
Time: Sun Jan 15 08:53:26 2023 中国标准时间 elapsed time: 0.087759 seconds (0d 0h 0m 0s)

---------------  T H R E A D  ---------------

Current thread (0x000001eabcd130c0):  JavaThread "Unknown thread" [_thread_in_vm, id=3428, stack(0x000000cf9a600000,0x000000cf9a700000)]

Stack: [0x000000cf9a600000,0x000000cf9a700000]
Native frames: (J=compiled Java code, j=interpreted, Vv=VM code, C=native code)
V  [jvm.dll+0x68348a]
V  [jvm.dll+0x83faf4]
V  [jvm.dll+0x84129e]
V  [jvm.dll+0x841903]
V  [jvm.dll+0x2494a5]
V  [jvm.dll+0x680359]
V  [jvm.dll+0x67499a]
V  [jvm.dll+0x3092db]
V  [jvm.dll+0x310796]
V  [jvm.dll+0x36077e]
V  [jvm.dll+0x3609af]
V  [jvm.dll+0x2df3c8]
V  [jvm.dll+0x2e0334]
V  [jvm.dll+0x8112e1]
V  [jvm.dll+0x36e5d1]
V  [jvm.dll+0x7f06bc]
V  [jvm.dll+0x3f16ef]
V  [jvm.dll+0x3f3231]
C  [jli.dll+0x526b]
C  [ucrtbase.dll+0x20e72]
C  [KERNEL32.DLL+0x17bd4]
C  [ntdll.dll+0x6ced1]


---------------  P R O C E S S  ---------------

Threads class SMR info:
_java_thread_list=0x00007fff14e07f18, length=0, elements={
}

Java Threads: ( => current thread )

Other Threads:
  0x000001eabcd80680 GCTaskThread "GC Thread#0" [stack: 0x000000cf9a700000,0x000000cf9a800000] [id=14904]
  0x000001eabcd923b0 ConcurrentGCThread "G1 Main Marker" [stack: 0x000000cf9a800000,0x000000cf9a900000] [id=26784]
  0x000001eabcd93470 ConcurrentGCThread "G1 Conc#0" [stack: 0x000000cf9a900000,0x000000cf9aa00000] [id=26004]

[error occurred during error reporting (printing all threads), id 0xc0000005, EXCEPTION_ACCESS_VIOLATION (0xc0000005) at pc=0x00007fff145bff87]

VM state: not at safepoint (not fully initialized)

VM Mutex/Monitor currently owned by a thread:  ([mutex/lock_event])
[0x000001eabcd0fa50] Heap_lock - owner thread: 0x000001eabcd130c0

Heap address: 0x0000000701200000, size: 4078 MB, Compressed Oops mode: Zero based, Oop shift amount: 3

CDS archive(s) mapped at: [0x0000000000000000-0x0000000000000000-0x0000000000000000), size 0, SharedBaseAddress: 0x0000000800000000, ArchiveRelocationMode: 0.
Narrow klass base: 0x0000000000000000, Narrow klass shift: 0, Narrow klass range: 0x0

GC Precious Log:
<Empty>

Heap:
 garbage-first heap   total 0K, used 0K [0x0000000701200000, 0x0000000800000000)
  region size 2048K, 0 young (0K), 0 survivors (0K)

[error occurred during error reporting (printing heap information), id 0xc0000005, EXCEPTION_ACCESS_VIOLATION (0xc0000005) at pc=0x00007fff149ad119]

GC Heap History (0 events):
No events

Deoptimization events (0 events):
No events

Classes unloaded (0 events):
No events

Classes redefined (0 events):
No events

Internal exceptions (0 events):
No events

VM Operations (0 events):
No events

Events (1 events):
Event: 0.053 Loaded shared library E:\Rider\JetBrains Rider 2022.2.3\jbr\bin\java.dll


Dynamic libraries:
0x00007ff6a3940000 - 0x00007ff6a394a000 	E:\Rider\JetBrains Rider 2022.2.3\jbr\bin\java.exe
0x00007fff56820000 - 0x00007fff56a10000 	C:\Windows\SYSTEM32\ntdll.dll
0x00007fff564e0000 - 0x00007fff56592000 	C:\Windows\System32\KERNEL32.DLL
0x00007fff54250000 - 0x00007fff544f3000 	C:\Windows\System32\KERNELBASE.dll
0x00007fff547d0000 - 0x00007fff548ca000 	C:\Windows\System32\ucrtbase.dll
0x00007fff2ee40000 - 0x00007fff2ee57000 	E:\Rider\JetBrains Rider 2022.2.3\jbr\bin\jli.dll
0x00007fff3d540000 - 0x00007fff3d55b000 	E:\Rider\JetBrains Rider 2022.2.3\jbr\bin\VCRUNTIME140.dll
0x00007fff54b20000 - 0x00007fff54cb4000 	C:\Windows\System32\USER32.dll
0x00007fff54740000 - 0x00007fff54761000 	C:\Windows\System32\win32u.dll
0x00007fff46e10000 - 0x00007fff47095000 	C:\Windows\WinSxS\amd64_microsoft.windows.common-controls_6595b64144ccf1df_6.0.18362.592_none_e6c0b1911312be02\COMCTL32.dll
0x00007fff56310000 - 0x00007fff56336000 	C:\Windows\System32\GDI32.dll
0x00007fff54a70000 - 0x00007fff54b0e000 	C:\Windows\System32\msvcrt.dll
0x00007fff53f60000 - 0x00007fff540f4000 	C:\Windows\System32\gdi32full.dll
0x00007fff541b0000 - 0x00007fff5424e000 	C:\Windows\System32\msvcp_win.dll
0x00007fff54cc0000 - 0x00007fff54ff6000 	C:\Windows\System32\combase.dll
0x00007fff561f0000 - 0x00007fff56310000 	C:\Windows\System32\RPCRT4.dll
0x00007fff54520000 - 0x00007fff545a0000 	C:\Windows\System32\bcryptPrimitives.dll
0x00007fff565a0000 - 0x00007fff565ce000 	C:\Windows\System32\IMM32.DLL
0x00007fff42950000 - 0x00007fff4295c000 	E:\Rider\JetBrains Rider 2022.2.3\jbr\bin\vcruntime140_1.dll
0x00007fff3d4b0000 - 0x00007fff3d53d000 	E:\Rider\JetBrains Rider 2022.2.3\jbr\bin\msvcp140.dll
0x00007fff142d0000 - 0x00007fff14f39000 	E:\Rider\JetBrains Rider 2022.2.3\jbr\bin\server\jvm.dll
0x00007fff55fd0000 - 0x00007fff56073000 	C:\Windows\System32\ADVAPI32.dll
0x00007fff56080000 - 0x00007fff56117000 	C:\Windows\System32\sechost.dll
0x00007fff54b10000 - 0x00007fff54b18000 	C:\Windows\System32\PSAPI.DLL
0x00007fff51840000 - 0x00007fff51864000 	C:\Windows\SYSTEM32\WINMM.dll
0x00007fff4cc10000 - 0x00007fff4cc1a000 	C:\Windows\SYSTEM32\VERSION.dll
0x00007fff516c0000 - 0x00007fff516ed000 	C:\Windows\SYSTEM32\WINMMBASE.dll
0x00007fff546f0000 - 0x00007fff5473a000 	C:\Windows\System32\cfgmgr32.dll
0x00007fff50210000 - 0x00007fff50219000 	C:\Windows\SYSTEM32\WSOCK32.dll
0x00007fff56340000 - 0x00007fff563af000 	C:\Windows\System32\ws2_32.DLL
0x00007fff53700000 - 0x00007fff53711000 	C:\Windows\System32\kernel.appcore.dll
0x00007fff3ed50000 - 0x00007fff3ed5a000 	E:\Rider\JetBrains Rider 2022.2.3\jbr\bin\jimage.dll
0x00007fff45190000 - 0x00007fff45384000 	C:\Windows\SYSTEM32\DBGHELP.DLL
0x00007fff3f140000 - 0x00007fff3f16a000 	C:\Windows\SYSTEM32\dbgcore.DLL
0x00007fff3ed10000 - 0x00007fff3ed35000 	E:\Rider\JetBrains Rider 2022.2.3\jbr\bin\java.dll

dbghelp: loaded successfully - version: 4.0.5 - missing functions: none
symbol engine: initialized successfully - sym options: 0x614 - pdb path: .;E:\Rider\JetBrains Rider 2022.2.3\jbr\bin;C:\Windows\SYSTEM32;C:\Windows\WinSxS\amd64_microsoft.windows.common-controls_6595b64144ccf1df_6.0.18362.592_none_e6c0b1911312be02;E:\Rider\JetBrains Rider 2022.2.3\jbr\bin\server

VM Arguments:
java_command: git4idea.http.GitAskPassApp Username for 'https://github.com': 
java_class_path (initial): E:/Rider/JetBrains Rider 2022.2.3/plugins/git4idea/lib/git4idea-rt.jar;E:/Rider/JetBrains Rider 2022.2.3/lib/externalProcess-rt.jar;E:/Rider/JetBrains Rider 2022.2.3/lib/app.jar;E:/Rider/JetBrains Rider 2022.2.3/lib/3rd-party-rt.jar
Launcher Type: SUN_STANDARD

[Global flags]
     intx CICompilerCount                          = 12                                        {product} {ergonomic}
     uint ConcGCThreads                            = 4                                         {product} {ergonomic}
     uint G1ConcRefinementThreads                  = 15                                        {product} {ergonomic}
   size_t G1HeapRegionSize                         = 2097152                                   {product} {ergonomic}
    uintx GCDrainStackTargetSize                   = 64                                        {product} {ergonomic}
   size_t InitialHeapSize                          = 268435456                                 {product} {ergonomic}
   size_t MarkStackSize                            = 4194304                                   {product} {ergonomic}
   size_t MaxHeapSize                              = 4276092928                                {product} {ergonomic}
   size_t MinHeapDeltaBytes                        = 2097152                                   {product} {ergonomic}
   size_t MinHeapSize                              = 8388608                                   {product} {ergonomic}
    uintx NonNMethodCodeHeapSize                   = 7602480                                {pd product} {ergonomic}
    uintx NonProfiledCodeHeapSize                  = 122027880                              {pd product} {ergonomic}
    uintx ProfiledCodeHeapSize                     = 122027880                              {pd product} {ergonomic}
    uintx ReservedCodeCacheSize                    = 251658240                              {pd product} {ergonomic}
     bool SegmentedCodeCache                       = true                                      {product} {ergonomic}
   size_t SoftMaxHeapSize                          = 4276092928                             {manageable} {ergonomic}
     bool UseCompressedClassPointers               = true                           {product lp64_product} {ergonomic}
     bool UseCompressedOops                        = true                           {product lp64_product} {ergonomic}
     bool UseG1GC                                  = true                                      {product} {ergonomic}
     bool UseLargePagesIndividualAllocation        = false                                  {pd product} {ergonomic}

Logging:
Log output configuration:
 #0: stdout all=warning uptime,level,tags
 #1: stderr all=off uptime,level,tags

Environment Variables:
JAVA_HOME=D:\java\jdk1.8.0_201
PATH=D:\Program Files\Git\mingw64\libexec\git-core;D:\Program Files\Git\mingw64\libexec\git-core;D:\Program Files\Git\mingw64\bin;D:\Program Files\Git\usr\bin;C:\Users\Administrator\bin;C:\Program Files (x86)\Common Files\Oracle\Java\javapath;C:\Windows\system32;C:\Windows;C:\Windows\System32\Wbem;C:\Windows\System32\WindowsPowerShell\v1.0;C:\Windows\System32\OpenSSH;C:\Program Files (x86)\NVIDIA Corporation\PhysX\Common;D:\Program Files\Git\cmd;C:\Program Files\dotnet;D:\java\jdk1.8.0_201\bin;E:\360Downloads\ZIP\Bandizip;C:\Program Files\TortoiseGit\bin;C:\Program Files (x86)\EasyShare\x86;C:\Program Files (x86)\EasyShare\x64;E:\UnityHub\2021.3.11f1c1\Editor\Data\PlaybackEngines\AndroidPlayer\SDKE;D:\Program Files\Git\UnityHub\2021.3.11f1c1\Editor\Data\PlaybackEngines\AndroidPlayer\SDK;E:\Bundle\gradle-7.1.1\bin;C:\Users\Administrator\AppData\Local\Microsoft\WindowsApps;C:\Users\Administrator\AppData\Local\GitHubDesktop\bin;C:\Users\Administrator\.dotnet\tools;E:\Rider\JetBrains Rider 2022.2.3\bin
USERNAME=Administrator
DISPLAY=:0.0
LC_ALL=en_US.UTF-8
TERM=xterm-256color
TMPDIR=C:\Users\ADMINI~1\AppData\Local\Temp
OS=Windows_NT
PROCESSOR_IDENTIFIER=Intel64 Family 6 Model 62 Stepping 4, GenuineIntel
TMP=C:\Users\ADMINI~1\AppData\Local\Temp
TEMP=C:\Users\ADMINI~1\AppData\Local\Temp



---------------  S Y S T E M  ---------------

OS:
 Windows 10 , 64 bit Build 18362 (10.0.18362.329)
OS uptime: 11 days 18:43 hours

CPU: total 20 (initial active 20) (10 cores per cpu, 2 threads per core) family 6 model 62 stepping 4 microcode 0x42d, cx8, cmov, fxsr, ht, mmx, sse, sse2, sse3, ssse3, sse4.1, sse4.2, popcnt, tsc, tscinvbit, avx, aes, erms, clmul, vzeroupper, clflush

Memory: 4k page, system-wide physical 16308M (1032M free)
TotalPageFile size 36592M (AvailPageFile size 120M)
current process WorkingSet (physical memory assigned to process): 11M, peak: 11M
current process commit charge ("private bytes"): 75M, peak: 331M

vm_info: OpenJDK 64-Bit Server VM (17.0.4+7-b469.53) for windows-amd64 JRE (17.0.4+7-b469.53), built on 2022-08-29 by "builduser" with MS VC++ 16.10 / 16.11 (VS2019)

END.
